[INFO] Scanning for projects...
[INFO] 
[INFO] ----------------------------< com.odin:ai >-----------------------------
[INFO] Building ai 0.0.1-SNAPSHOT
[INFO]   from pom.xml
[INFO] --------------------------------[ jar ]---------------------------------
[INFO] 
[INFO] >>> spring-boot:3.4.3:run (default-cli) > test-compile @ ai >>>
[INFO] 
[INFO] --- resources:3.3.1:resources (default-resources) @ ai ---
[INFO] Copying 1 resource from src\main\resources to target\classes
[INFO] Copying 5 resources from src\main\resources to target\classes
[INFO] 
[INFO] --- compiler:3.12.1:compile (default-compile) @ ai ---
[INFO] Nothing to compile - all classes are up to date.
[INFO] 
[INFO] --- resources:3.3.1:testResources (default-testResources) @ ai ---
[INFO] skip non existing resourceDirectory C:\Users\Romar\OneDrive\Desktop\Odin-AI\backend\ai\src\test\resources
[INFO] 
[INFO] --- compiler:3.12.1:testCompile (default-testCompile) @ ai ---
[INFO] Nothing to compile - all classes are up to date.
[INFO] 
[INFO] <<< spring-boot:3.4.3:run (default-cli) < test-compile @ ai <<<
[INFO] 
[INFO] 
[INFO] --- spring-boot:3.4.3:run (default-cli) @ ai ---
[INFO] Attaching agents: []
Starting AiApplicationApp...
Loaded DATABASE_URL: mongodb+srv://${MONGO_USER}:${MONGO_PASS}@cluster0.z554v.mongodb.net/retail_inventory?retryWrites=true&w=majority&serverSelectionTimeoutMS=10000&tls=true

  .   ____          _            __ _ _
 /\\ / ___'_ __ _ _(_)_ __  __ _ \ \ \ \
( ( )\___ | '_ | '_| | '_ \/ _` | \ \ \ \
 \\/  ___)| |_)| | | | | || (_| |  ) ) ) )
  '  |____| .__|_| |_|_| |_\__, | / / / /
 =========|_|==============|___/=/_/_/_/

 :: Spring Boot ::                (v3.4.3)

2025-03-16T06:28:15.173-05:00  INFO 19824 --- [ai] [           main] com.odin.ai.AiApplicationApp             : Starting AiApplicationApp using Java 22.0.2 with PID 19824 (C:\Users\Romar\OneDrive\Desktop\Odin-AI\backend\ai\target\classes started by Romar in C:\Users\Romar\OneDrive\Desktop\Odin-AI\backend\ai)
2025-03-16T06:28:15.195-05:00  INFO 19824 --- [ai] [           main] com.odin.ai.AiApplicationApp             : No active profile set, falling back to 1 default profile: "default"
2025-03-16T06:28:23.428-05:00  INFO 19824 --- [ai] [           main] .s.d.r.c.RepositoryConfigurationDelegate : Bootstrapping Spring Data MongoDB repositories in DEFAULT mode.
2025-03-16T06:28:25.034-05:00  INFO 19824 --- [ai] [           main] .s.d.r.c.RepositoryConfigurationDelegate : Finished Spring Data repository scanning in 1214 ms. Found 1 MongoDB repository interface.
2025-03-16T06:28:42.200-05:00  INFO 19824 --- [ai] [           main] o.s.b.w.embedded.tomcat.TomcatWebServer  : Tomcat initialized with port 8080 (http)
2025-03-16T06:28:42.404-05:00  INFO 19824 --- [ai] [           main] o.apache.catalina.core.StandardService   : Starting service [Tomcat]
2025-03-16T06:28:42.440-05:00  INFO 19824 --- [ai] [           main] o.apache.catalina.core.StandardEngine    : Starting Servlet engine: [Apache Tomcat/10.1.36]
2025-03-16T06:28:43.639-05:00  INFO 19824 --- [ai] [           main] o.a.c.c.C.[Tomcat].[localhost].[/]       : Initializing Spring embedded WebApplicationContext
2025-03-16T06:28:43.644-05:00  INFO 19824 --- [ai] [           main] w.s.c.ServletWebServerApplicationContext : Root WebApplicationContext: initialization completed in 28052 ms
2025-03-16T06:28:45.594-05:00  INFO 19824 --- [ai] [54v.mongodb.net] org.mongodb.driver.cluster               : Adding discovered server cluster0-shard-00-01.z554v.mongodb.net:27017 to client view of cluster
2025-03-16T06:28:45.650-05:00  INFO 19824 --- [ai] [           main] org.mongodb.driver.client                : MongoClient with metadata {"driver": {"name": "mongo-java-driver|sync|spring-boot", "version": "5.2.1"}, "os": {"type": "Windows", "name": "Windows 11", "architecture": "amd64", "version": "10.0"}, "platform": "Java/Oracle Corporation/22.0.2+9-70"} created with settings MongoClientSettings{readPreference=primary, writeConcern=WriteConcern{w=majority, wTimeout=null ms, journal=null}, retryWrites=true, retryReads=true, readConcern=ReadConcern{level=null}, credential=MongoCredential{mechanism=null, userName='javannio96', source='admin', password=<hidden>, mechanismProperties=<hidden>}, transportSettings=null, commandListeners=[io.micrometer.core.instrument.binder.mongodb.MongoMetricsCommandListener@16bd7ae1], codecRegistry=ProvidersCodecRegistry{codecProviders=[ValueCodecProvider{}, BsonValueCodecProvider{}, DBRefCodecProvider{}, DBObjectCodecProvider{}, DocumentCodecProvider{}, CollectionCodecProvider{}, IterableCodecProvider{}, MapCodecProvider{}, GeoJsonCodecProvider{}, GridFSFileCodecProvider{}, Jsr310CodecProvider{}, JsonObjectCodecProvider{}, BsonCodecProvider{}, EnumCodecProvider{}, com.mongodb.client.model.mql.ExpressionCodecProvider@15d114ce, com.mongodb.Jep395RecordCodecProvider@3312f4f4, com.mongodb.KotlinCodecProvider@b5aa65b]}, loggerSettings=LoggerSettings{maxDocumentLength=1000}, clusterSettings={hosts=[127.0.0.1:27017], srvHost=cluster0.z554v.mongodb.net, srvServiceName=mongodb, mode=MULTIPLE, requiredClusterType=REPLICA_SET, requiredReplicaSetName='atlas-fntvtv-shard-0', serverSelector='null', clusterListeners='[]', serverSelectionTimeout='10000 ms', localThreshold='15 ms'}, socketSettings=SocketSettings{connectTimeoutMS=10000, readTimeoutMS=0, receiveBufferSize=0, proxySettings=ProxySettings{host=null, port=null, username=null, password=null}}, heartbeatSocketSettings=SocketSettings{connectTimeoutMS=10000, readTimeoutMS=10000, receiveBufferSize=0, proxySettings=ProxySettings{host=null, port=null, username=null, password=null}}, connectionPoolSettings=ConnectionPoolSettings{maxSize=100, minSize=0, maxWaitTimeMS=120000, maxConnectionLifeTimeMS=0, maxConnectionIdleTimeMS=0, maintenanceInitialDelayMS=0, maintenanceFrequencyMS=60000, connectionPoolListeners=[io.micrometer.core.instrument.binder.mongodb.MongoMetricsConnectionPoolListener@76cdafa3], maxConnecting=2}, serverSettings=ServerSettings{heartbeatFrequencyMS=10000, minHeartbeatFrequencyMS=500, serverMonitoringMode=AUTO, serverListeners='[]', serverMonitorListeners='[]'}, sslSettings=SslSettings{enabled=true, invalidHostNameAllowed=false, context=null}, applicationName='null', compressorList=[], uuidRepresentation=JAVA_LEGACY, serverApi=null, autoEncryptionSettings=null, dnsClient=null, inetAddressResolver=null, contextProvider=null, timeoutMS=null}
2025-03-16T06:28:45.769-05:00  INFO 19824 --- [ai] [54v.mongodb.net] org.mongodb.driver.cluster               : Adding discovered server cluster0-shard-00-02.z554v.mongodb.net:27017 to client view of cluster
2025-03-16T06:28:45.790-05:00  INFO 19824 --- [ai] [54v.mongodb.net] org.mongodb.driver.cluster               : Adding discovered server cluster0-shard-00-00.z554v.mongodb.net:27017 to client view of cluster
2025-03-16T06:28:47.911-05:00  INFO 19824 --- [ai] [           main] o.s.b.a.w.s.WelcomePageHandlerMapping    : Adding welcome page: class path resource [static/index.html]
2025-03-16T06:28:48.415-05:00  INFO 19824 --- [ai] [ngodb.net:27017] org.mongodb.driver.cluster               : Monitor thread successfully connected to server with description ServerDescription{address=cluster0-shard-00-01.z554v.mongodb.net:27017, type=REPLICA_SET_SECONDARY, cryptd=false, state=CONNECTED, ok=true, minWireVersion=0, maxWireVersion=25, maxDocumentSize=16777216, logicalSessionTimeoutMinutes=30, roundTripTimeNanos=1112070300, minRoundTripTimeNanos=0, setName='atlas-fntvtv-shard-0', canonicalAddress=cluster0-shard-00-01.z554v.mongodb.net:27017, hosts=[cluster0-shard-00-02.z554v.mongodb.net:27017, cluster0-shard-00-01.z554v.mongodb.net:27017, cluster0-shard-00-00.z554v.mongodb.net:27017], passives=[], arbiters=[], primary='cluster0-shard-00-02.z554v.mongodb.net:27017', tagSet=TagSet{[Tag{name='availabilityZone', value='use1-az1'}, Tag{name='diskState', value='READY'}, Tag{name='nodeType', value='ELECTABLE'}, Tag{name='provider', value='AWS'}, Tag{name='region', value='US_EAST_1'}, Tag{name='workloadType', value='OPERATIONAL'}]}, electionId=null, setVersion=161, topologyVersion=TopologyVersion{processId=67d481102633f3587cefc96a, counter=3}, lastWriteDate=Sun Mar 16 06:28:50 COT 2025, lastUpdateTimeNanos=4976650862200}
2025-03-16T06:28:48.415-05:00  INFO 19824 --- [ai] [ngodb.net:27017] org.mongodb.driver.cluster               : Monitor thread successfully connected to server with description ServerDescription{address=cluster0-shard-00-02.z554v.mongodb.net:27017, type=REPLICA_SET_PRIMARY, cryptd=false, state=CONNECTED, ok=true, minWireVersion=0, maxWireVersion=25, maxDocumentSize=16777216, logicalSessionTimeoutMinutes=30, roundTripTimeNanos=1111790800, minRoundTripTimeNanos=0, setName='atlas-fntvtv-shard-0', canonicalAddress=cluster0-shard-00-02.z554v.mongodb.net:27017, hosts=[cluster0-shard-00-02.z554v.mongodb.net:27017, cluster0-shard-00-01.z554v.mongodb.net:27017, cluster0-shard-00-00.z554v.mongodb.net:27017], passives=[], arbiters=[], primary='cluster0-shard-00-02.z554v.mongodb.net:27017', tagSet=TagSet{[Tag{name='availabilityZone', value='use1-az2'}, Tag{name='diskState', value='READY'}, Tag{name='nodeType', value='ELECTABLE'}, Tag{name='provider', value='AWS'}, Tag{name='region', value='US_EAST_1'}, Tag{name='workloadType', value='OPERATIONAL'}]}, electionId=7fffffff000000000000019a, setVersion=161, topologyVersion=TopologyVersion{processId=67d1e32d1b850d347ddeb680, counter=6}, lastWriteDate=Sun Mar 16 06:28:50 COT 2025, lastUpdateTimeNanos=4976650670300}
2025-03-16T06:28:48.415-05:00  INFO 19824 --- [ai] [ngodb.net:27017] org.mongodb.driver.cluster               : Monitor thread successfully connected to server with description ServerDescription{address=cluster0-shard-00-00.z554v.mongodb.net:27017, type=REPLICA_SET_SECONDARY, cryptd=false, state=CONNECTED, ok=true, minWireVersion=0, maxWireVersion=25, maxDocumentSize=16777216, logicalSessionTimeoutMinutes=30, roundTripTimeNanos=1112301100, minRoundTripTimeNanos=0, setName='atlas-fntvtv-shard-0', canonicalAddress=cluster0-shard-00-00.z554v.mongodb.net:27017, hosts=[cluster0-shard-00-02.z554v.mongodb.net:27017, cluster0-shard-00-01.z554v.mongodb.net:27017, cluster0-shard-00-00.z554v.mongodb.net:27017], passives=[], arbiters=[], primary='cluster0-shard-00-02.z554v.mongodb.net:27017', tagSet=TagSet{[Tag{name='availabilityZone', value='use1-az6'}, Tag{name='diskState', value='READY'}, Tag{name='nodeType', value='ELECTABLE'}, Tag{name='provider', value='AWS'}, Tag{name='region', value='US_EAST_1'}, Tag{name='workloadType', value='OPERATIONAL'}]}, electionId=null, setVersion=161, topologyVersion=TopologyVersion{processId=67d1ddda5ca4347698455b32, counter=4}, lastWriteDate=Sun Mar 16 06:28:50 COT 2025, lastUpdateTimeNanos=4976651076300}
2025-03-16T06:28:48.435-05:00  INFO 19824 --- [ai] [ngodb.net:27017] org.mongodb.driver.cluster               : Discovered replica set primary cluster0-shard-00-02.z554v.mongodb.net:27017 with max election id 7fffffff000000000000019a and max set version 161
2025-03-16T06:28:50.579-05:00  INFO 19824 --- [ai] [           main] o.s.b.a.e.web.EndpointLinksResolver      : Exposing 3 endpoints beneath base path '/actuator'
2025-03-16T06:28:50.837-05:00  INFO 19824 --- [ai] [           main] o.s.b.w.embedded.tomcat.TomcatWebServer  : Tomcat started on port 8080 (http) with context path '/'
2025-03-16T06:28:50.887-05:00  INFO 19824 --- [ai] [           main] com.odin.ai.AiApplicationApp             : Started AiApplicationApp in 39.62 seconds (process running for 42.513)
Application started successfully!
2025-03-16T06:29:34.609-05:00  INFO 19824 --- [ai] [io-8080-exec-10] o.a.c.c.C.[Tomcat].[localhost].[/]       : Initializing Spring DispatcherServlet 'dispatcherServlet'
2025-03-16T06:29:34.615-05:00  INFO 19824 --- [ai] [io-8080-exec-10] o.s.web.servlet.DispatcherServlet        : Initializing Servlet 'dispatcherServlet'
2025-03-16T06:29:34.648-05:00  INFO 19824 --- [ai] [io-8080-exec-10] o.s.web.servlet.DispatcherServlet        : Completed initialization in 6 ms
2025-03-16T06:31:44.639-05:00  INFO 19824 --- [ai] [ionShutdownHook] o.s.b.w.e.tomcat.GracefulShutdown        : Commencing graceful shutdown. Waiting for active requests to complete
2025-03-16T06:31:44.699-05:00  INFO 19824 --- [ai] [tomcat-shutdown] o.s.b.w.e.tomcat.GracefulShutdown        : Graceful shutdown complete
Terminate batch job (Y/N)? 